c:\users\tkdgu\documents\github\gameserverstudy\gameserver\gameserver\dummyclient\x64\debug\vc142.pdb
c:\users\tkdgu\documents\github\gameserverstudy\gameserver\gameserver\dummyclient\x64\debug\vc142.idb
c:\users\tkdgu\documents\github\gameserverstudy\gameserver\gameserver\dummyclient\x64\debug\pch.obj
c:\users\tkdgu\documents\github\gameserverstudy\gameserver\gameserver\dummyclient\x64\debug\dummyclient.obj
c:\users\tkdgu\documents\github\gameserverstudy\gameserver\gameserver\binary\debug\dummyclient.ilk
c:\users\tkdgu\documents\github\gameserverstudy\gameserver\gameserver\binary\debug\dummyclient.exe
c:\users\tkdgu\documents\github\gameserverstudy\gameserver\gameserver\binary\debug\dummyclient.pdb
c:\users\user\onedrive\문서\github\gameserverstudy\gameserver\gameserver\dummyclient\x64\debug\dummyclient.obj
c:\users\user\onedrive\문서\github\gameserverstudy\gameserver\gameserver\dummyclient\x64\debug\pch.obj
c:\users\user\onedrive\문서\github\gameserverstudy\gameserver\gameserver\dummyclient\x64\debug\vc142.idb
c:\users\user\onedrive\문서\github\gameserverstudy\gameserver\gameserver\dummyclient\x64\debug\vc142.pdb
c:\users\user\onedrive\문서\github\gameserverstudy\gameserver\gameserver\binary\debug\dummyclient.pdb
c:\users\user\onedrive\문서\github\gameserverstudy\gameserver\gameserver\binary\debug\dummyclient.exe
c:\users\user\onedrive\문서\github\gameserverstudy\gameserver\gameserver\binary\debug\dummyclient.ilk
c:\users\user\onedrive\문서\github\gameserverstudy\gameserver\gameserver\dummyclient\x64\debug\dummyclient.tlog\cl.command.1.tlog
c:\users\user\onedrive\문서\github\gameserverstudy\gameserver\gameserver\dummyclient\x64\debug\dummyclient.tlog\cl.read.1.tlog
c:\users\user\onedrive\문서\github\gameserverstudy\gameserver\gameserver\dummyclient\x64\debug\dummyclient.tlog\cl.write.1.tlog
c:\users\user\onedrive\문서\github\gameserverstudy\gameserver\gameserver\dummyclient\x64\debug\dummyclient.tlog\link.command.1.tlog
c:\users\user\onedrive\문서\github\gameserverstudy\gameserver\gameserver\dummyclient\x64\debug\dummyclient.tlog\link.read.1.tlog
c:\users\user\onedrive\문서\github\gameserverstudy\gameserver\gameserver\dummyclient\x64\debug\dummyclient.tlog\link.write.1.tlog
